lerna(verbose) GitUtilities.isInitialized    ()
lerna(verbose) GitUtilities.isInitialized    () => true
lerna(verbose) GitUtilities.getTopLevelDirectory()
lerna(verbose) GitUtilities.getTopLevelDirectory() => "."
lerna(verbose) FileSystemUtilities.existsSync("./lerna.json")
lerna(verbose) FileSystemUtilities.existsSync("./lerna.json") => true
lerna(verbose) FileSystemUtilities.readFileSync("./lerna.json")
lerna(verbose) FileSystemUtilities.readFileSync("./lerna.json") => "{\n  \"lerna\": \"2.0.0-beta.38\",\n  \"packages\": [\n    \"packages/*\"\n  ],\n  \"version\": \"0.0.0\"\n}"
lerna(verbose) FileSystemUtilities.existsSync("./package.json")
lerna(verbose) FileSystemUtilities.existsSync("./package.json") => true
lerna(verbose) FileSystemUtilities.readFileSync("./package.json")
lerna(verbose) FileSystemUtilities.readFileSync("./package.json") => "{\n  \"name\": \"relieve\",\n  \"version\": \"2.2.1\",\n  \"description\": \"Ease the implementation of multi processing accross your microservices\",\n  \"main\": \"index.js\",\n  \"scripts\": {\n    \"test\": \"lerna run test\",\n    \"coverage\": \"lerna run coverage\"\n  },\n  \"engines\": {\n    \"node\": \">=6.0.0\"\n  },\n  \"repository\": \"http://github.com/soyuka/relieve\",\n  \"keywords\": [\n    \"child\",\n    \"process\",\n    \"fork\",\n    \"worker\",\n    \"pool\",\n    \"thread\",\n    \"task\"\n  ],\n  \"author\": \"Antoine Bluchet <soyuka@gmail.com>\",\n  \"license\": \"MIT\",\n  \"devDependencies\": {\n    \"lerna\": \"2.0.0-beta.38\"\n  }\n}"
lerna(info)    Lerna v2.0.0-beta.38
lerna(verbose) FileSystemUtilities.existsSync("./package.json")
lerna(verbose) FileSystemUtilities.existsSync("./package.json") => true
lerna(verbose) FileSystemUtilities.existsSync("./lerna.json")
lerna(verbose) FileSystemUtilities.existsSync("./lerna.json") => true
lerna(verbose) FileSystemUtilities.existsSync("./VERSION")
lerna(verbose) FileSystemUtilities.existsSync("./VERSION") => false
lerna(verbose) FileSystemUtilities.existsSync("./packages/relieve-failsafe/package.json")
lerna(verbose) FileSystemUtilities.existsSync("./packages/relieve-failsafe/package.json") => true
lerna(verbose) FileSystemUtilities.existsSync("./packages/relieve/package.json")
lerna(verbose) FileSystemUtilities.existsSync("./packages/relieve/package.json") => true
lerna(verbose) Attempting running ImportCommand.initialize
lerna(error)   Errored while running ImportCommand.initialize
    Error: Local repository has un-committed changes
        at ImportCommand.initialize (/home/abluchet/.nvm/versions/node/v6.10.0/lib/node_modules/lerna/lib/commands/ImportCommand.js:108:25)
        at ImportCommand._attempt (/home/abluchet/.nvm/versions/node/v6.10.0/lib/node_modules/lerna/lib/Command.js:215:21)
        at ImportCommand.runCommand (/home/abluchet/.nvm/versions/node/v6.10.0/lib/node_modules/lerna/lib/Command.js:199:12)
        at ImportCommand.run (/home/abluchet/.nvm/versions/node/v6.10.0/lib/node_modules/lerna/lib/Command.js:110:12)
        at Object.<anonymous> (/home/abluchet/.nvm/versions/node/v6.10.0/lib/node_modules/lerna/bin/lerna.js:72:11)
        at Module._compile (module.js:570:32)
        at Object.Module._extensions..js (module.js:579:10)
        at Module.load (module.js:487:32)
        at tryModuleLoad (module.js:446:12)
        at Function.Module._load (module.js:438:3)
